<?xml version="1.0" encoding="UTF-8"?>
<!-- Generated by org.testng.reporters.JUnitReportReporter -->
<testsuite skipped="0" hostname="LP2-AP-51762228" name="Flipkart_Project.Test_Scripts.TestFlipkartHomePage" tests="5" failures="0" timestamp="14 Feb 2020 15:54:20 GMT" time="22.286" errors="0">
  <testcase name="enterUserName" time="0.233" classname="Flipkart_Project.Test_Scripts.TestFlipkartHomePage"/>
  <testcase name="enterPassword" time="0.162" classname="Flipkart_Project.Test_Scripts.TestFlipkartHomePage"/>
  <testcase name="clickLoginButton" time="7.084" classname="Flipkart_Project.Test_Scripts.TestFlipkartHomePage"/>
  <testcase name="searchTextBox" time="0.484" classname="Flipkart_Project.Test_Scripts.TestFlipkartHomePage"/>
  <testcase name="addCart" time="14.323" classname="Flipkart_Project.Test_Scripts.TestFlipkartHomePage"/>
</testsuite> <!-- Flipkart_Project.Test_Scripts.TestFlipkartHomePage -->
